d:\projects\astea is c++\oop_makes_me_cry - copy\oop_makes_me_cry\debug\vc142.pdb
d:\projects\astea is c++\oop_makes_me_cry - copy\oop_makes_me_cry\debug\vc142.idb
d:\projects\astea is c++\oop_makes_me_cry - copy\oop_makes_me_cry\debug\user.obj
d:\projects\astea is c++\oop_makes_me_cry - copy\oop_makes_me_cry\debug\ui.obj
d:\projects\astea is c++\oop_makes_me_cry - copy\oop_makes_me_cry\debug\train.obj
d:\projects\astea is c++\oop_makes_me_cry - copy\oop_makes_me_cry\debug\tests.obj
d:\projects\astea is c++\oop_makes_me_cry - copy\oop_makes_me_cry\debug\service.obj
d:\projects\astea is c++\oop_makes_me_cry - copy\oop_makes_me_cry\debug\repouser.obj
d:\projects\astea is c++\oop_makes_me_cry - copy\oop_makes_me_cry\debug\repotrain.obj
d:\projects\astea is c++\oop_makes_me_cry - copy\oop_makes_me_cry\debug\repofileusertxt.obj
d:\projects\astea is c++\oop_makes_me_cry - copy\oop_makes_me_cry\debug\repofileusercsv.obj
d:\projects\astea is c++\oop_makes_me_cry - copy\oop_makes_me_cry\debug\repofileuser.obj
d:\projects\astea is c++\oop_makes_me_cry - copy\oop_makes_me_cry\debug\repofiletraintxt.obj
d:\projects\astea is c++\oop_makes_me_cry - copy\oop_makes_me_cry\debug\repofiletraincsv.obj
d:\projects\astea is c++\oop_makes_me_cry - copy\oop_makes_me_cry\debug\repofiletrain.obj
d:\projects\astea is c++\oop_makes_me_cry - copy\oop_makes_me_cry\debug\personaltrain.obj
d:\projects\astea is c++\oop_makes_me_cry - copy\oop_makes_me_cry\debug\oop_makes_me_cry.obj
d:\projects\astea is c++\oop_makes_me_cry - copy\oop_makes_me_cry\debug\freighttrain.obj
d:\projects\astea is c++\oop_makes_me_cry - copy\oop_makes_me_cry\debug\exception4.obj
d:\projects\astea is c++\oop_makes_me_cry - copy\oop_makes_me_cry\debug\exception3.obj
d:\projects\astea is c++\oop_makes_me_cry - copy\oop_makes_me_cry\debug\exception2.obj
d:\projects\astea is c++\oop_makes_me_cry - copy\oop_makes_me_cry\debug\exception.obj
d:\projects\astea is c++\oop_makes_me_cry - copy\oop_makes_me_cry\debug\utils.obj
d:\projects\astea is c++\oop_makes_me_cry - copy\debug\oop_makes_me_cry.exe
d:\projects\astea is c++\oop_makes_me_cry - copy\debug\oop_makes_me_cry.ilk
d:\projects\astea is c++\oop_makes_me_cry - copy\debug\oop_makes_me_cry.pdb
d:\projects\astea is c++\oop_makes_me_cry - copy\oop_makes_me_cry\debug\oop_makes_me_cry.tlog\cl.command.1.tlog
d:\projects\astea is c++\oop_makes_me_cry - copy\oop_makes_me_cry\debug\oop_makes_me_cry.tlog\cl.read.1.tlog
d:\projects\astea is c++\oop_makes_me_cry - copy\oop_makes_me_cry\debug\oop_makes_me_cry.tlog\cl.write.1.tlog
d:\projects\astea is c++\oop_makes_me_cry - copy\oop_makes_me_cry\debug\oop_makes_me_cry.tlog\link.command.1.tlog
d:\projects\astea is c++\oop_makes_me_cry - copy\oop_makes_me_cry\debug\oop_makes_me_cry.tlog\link.read.1.tlog
d:\projects\astea is c++\oop_makes_me_cry - copy\oop_makes_me_cry\debug\oop_makes_me_cry.tlog\link.write.1.tlog
